<?xml version="1.0" encoding="UTF-8"?>
<!-- Generated by org.testng.reporters.JUnitXMLReporter -->
<testsuite hostname="MXITD031" ignored="0" name="Test" tests="4" failures="0" timestamp="12 Mar 2018 16:17:07 GMT" time="48.77" errors="0">
  <testcase name="T1" time="0.591" classname="tests.Regression"/>
  <testcase name="T2" time="0.518" classname="tests.Regression"/>
  <testcase name="T1" time="0.57" classname="tests.SmokeTest"/>
  <testcase name="T2" time="0.509" classname="tests.SmokeTest"/>
</testsuite> <!-- Test -->
