<?xml version="1.0" encoding="UTF-8"?>
<!-- Generated by org.testng.reporters.JUnitXMLReporter -->
<testsuite hostname="MXITD031" ignored="0" name="Test" tests="4" failures="0" timestamp="12 Mar 2018 11:36:38 GMT" time="33.07" errors="0">
  <testcase name="T1" time="3.378" classname="tests.Feature1"/>
  <testcase name="T1" time="0.893" classname="tests.Test2"/>
  <testcase name="T2" time="4.75" classname="tests.Feature1"/>
  <testcase name="T2" time="0.919" classname="tests.Test2"/>
</testsuite> <!-- Test -->
