<?xml version="1.0" encoding="UTF-8"?>
<testng-results skipped="0" failed="0" ignored="0" total="2" passed="2">
  <reporter-output>
  </reporter-output>
  <suite name="Default suite" duration-ms="23675" started-at="2018-03-13T10:05:26Z" finished-at="2018-03-13T10:05:49Z">
    <groups>
      <group name="smoke">
        <method signature="Regression.T2()[pri:0, instance:tests.Regression@1622fdf]" name="T2" class="tests.Regression"/>
      </group> <!-- smoke -->
      <group name="sanity">
        <method signature="Regression.T1()[pri:0, instance:tests.Regression@1622fdf]" name="T1" class="tests.Regression"/>
      </group> <!-- sanity -->
    </groups>
    <test name="Default test" duration-ms="23675" started-at="2018-03-13T10:05:26Z" finished-at="2018-03-13T10:05:49Z">
      <class name="tests.Regression">
        <test-method status="PASS" signature="launchBrowser()[pri:0, instance:tests.Regression@1622fdf]" name="launchBrowser" is-config="true" duration-ms="10963" started-at="2018-03-13T10:05:26Z" finished-at="2018-03-13T10:05:37Z">
          <reporter-output>
          </reporter-output>
        </test-method> <!-- launchBrowser -->
        <test-method status="PASS" signature="T1()[pri:0, instance:tests.Regression@1622fdf]" name="T1" duration-ms="665" started-at="2018-03-13T10:05:37Z" finished-at="2018-03-13T10:05:37Z">
          <reporter-output>
          </reporter-output>
        </test-method> <!-- T1 -->
        <test-method status="PASS" signature="tearOut()[pri:0, instance:tests.Regression@1622fdf]" name="tearOut" is-config="true" duration-ms="862" started-at="2018-03-13T10:05:37Z" finished-at="2018-03-13T10:05:38Z">
          <reporter-output>
          </reporter-output>
        </test-method> <!-- tearOut -->
        <test-method status="PASS" signature="launchBrowser()[pri:0, instance:tests.Regression@1622fdf]" name="launchBrowser" is-config="true" duration-ms="9595" started-at="2018-03-13T10:05:38Z" finished-at="2018-03-13T10:05:48Z">
          <reporter-output>
          </reporter-output>
        </test-method> <!-- launchBrowser -->
        <test-method status="PASS" signature="T2()[pri:0, instance:tests.Regression@1622fdf]" name="T2" duration-ms="598" started-at="2018-03-13T10:05:48Z" finished-at="2018-03-13T10:05:48Z">
          <reporter-output>
          </reporter-output>
        </test-method> <!-- T2 -->
        <test-method status="PASS" signature="tearOut()[pri:0, instance:tests.Regression@1622fdf]" name="tearOut" is-config="true" duration-ms="955" started-at="2018-03-13T10:05:48Z" finished-at="2018-03-13T10:05:49Z">
          <reporter-output>
          </reporter-output>
        </test-method> <!-- tearOut -->
      </class> <!-- tests.Regression -->
    </test> <!-- Default test -->
  </suite> <!-- Default suite -->
</testng-results>
